0 info it worked if it ends with ok
1 verbose cli [ 'node', '/usr/local/bin/npm', 'install', 'phantonjs' ]
2 info using npm@2.7.5
3 info using node@v0.12.2
4 verbose node symlink /usr/local/bin/node
5 warn package.json node-web-scrape@0.0.1 No repository field.
6 warn package.json node-web-scrape@0.0.1 No README data
7 silly cache add args [ 'phantonjs', null ]
8 verbose cache add spec phantonjs
9 silly cache add parsed spec { raw: 'phantonjs',
9 silly cache add   scope: null,
9 silly cache add   name: 'phantonjs',
9 silly cache add   rawSpec: '',
9 silly cache add   spec: '*',
9 silly cache add   type: 'range' }
10 verbose addNamed phantonjs@*
11 silly addNamed semver.valid null
12 silly addNamed semver.validRange *
13 silly addNameRange { name: 'phantonjs', range: '*', hasData: false }
14 silly mapToRegistry name phantonjs
15 silly mapToRegistry using default registry
16 silly mapToRegistry registry https://registry.npmjs.org/
17 silly mapToRegistry uri https://registry.npmjs.org/phantonjs
18 verbose addNameRange registry:https://registry.npmjs.org/phantonjs not in flight; fetching
19 verbose request uri https://registry.npmjs.org/phantonjs
20 verbose request no auth needed
21 info attempt registry request try #1 at 09:41:20
22 verbose request using bearer token for auth
23 verbose request id b2ee473c915e356e
24 http request GET https://registry.npmjs.org/phantonjs
25 http 404 https://registry.npmjs.org/phantonjs
26 verbose headers { server: 'CouchDB/1.5.0 (Erlang OTP/R16B03)',
26 verbose headers   'content-type': 'application/json',
26 verbose headers   'cache-control': 'max-age=0',
26 verbose headers   'content-length': '51',
26 verbose headers   'accept-ranges': 'bytes',
26 verbose headers   date: 'Fri, 12 Jun 2015 16:41:19 GMT',
26 verbose headers   via: '1.1 varnish',
26 verbose headers   connection: 'keep-alive',
26 verbose headers   'x-served-by': 'cache-sjc3130-SJC',
26 verbose headers   'x-cache': 'MISS',
26 verbose headers   'x-cache-hits': '0',
26 verbose headers   'x-timer': 'S1434127278.971505,VS0,VE157' }
27 silly get cb [ 404,
27 silly get   { server: 'CouchDB/1.5.0 (Erlang OTP/R16B03)',
27 silly get     'content-type': 'application/json',
27 silly get     'cache-control': 'max-age=0',
27 silly get     'content-length': '51',
27 silly get     'accept-ranges': 'bytes',
27 silly get     date: 'Fri, 12 Jun 2015 16:41:19 GMT',
27 silly get     via: '1.1 varnish',
27 silly get     connection: 'keep-alive',
27 silly get     'x-served-by': 'cache-sjc3130-SJC',
27 silly get     'x-cache': 'MISS',
27 silly get     'x-cache-hits': '0',
27 silly get     'x-timer': 'S1434127278.971505,VS0,VE157' } ]
28 verbose stack Error: 404 Not Found: phantonjs
28 verbose stack     at CachingRegistryClient.<anonymous> (/usr/local/lib/node_modules/npm/node_modules/npm-registry-client/lib/request.js:245:14)
28 verbose stack     at Request._callback (/usr/local/lib/node_modules/npm/node_modules/npm-registry-client/lib/request.js:170:14)
28 verbose stack     at Request.self.callback (/usr/local/lib/node_modules/npm/node_modules/request/request.js:360:22)
28 verbose stack     at Request.emit (events.js:110:17)
28 verbose stack     at Request.<anonymous> (/usr/local/lib/node_modules/npm/node_modules/request/request.js:1202:14)
28 verbose stack     at Request.emit (events.js:129:20)
28 verbose stack     at IncomingMessage.<anonymous> (/usr/local/lib/node_modules/npm/node_modules/request/request.js:1150:12)
28 verbose stack     at IncomingMessage.emit (events.js:129:20)
28 verbose stack     at _stream_readable.js:908:16
28 verbose stack     at process._tickCallback (node.js:355:11)
29 verbose statusCode 404
30 verbose pkgid phantonjs
31 verbose cwd /Users/shivaninegi/Documents/Apps/megabus
32 error Darwin 14.3.0
33 error argv "node" "/usr/local/bin/npm" "install" "phantonjs"
34 error node v0.12.2
35 error npm  v2.7.5
36 error code E404
37 error 404 Not Found: phantonjs
37 error 404
37 error 404 'phantonjs' is not in the npm registry.
37 error 404 You should bug the author to publish it (or use the name yourself!)
37 error 404 It was specified as a dependency of 'node-web-scrape'
37 error 404
37 error 404 Note that you can also install from a
37 error 404 tarball, folder, http url, or git url.
38 verbose exit [ 1, true ]
